<?xml version="1.0" encoding="UTF-8"?>
<robot generator="Robot 6.1.1 (Python 3.9.2 on win32)" generated="20231013 19:08:47.741" rpa="false" schemaversion="4">
<suite id="s1" name="inlineExample" source="C:\Users\nguye\robot-framework-testautomationu-2022\010-Variables\inlineExample.robot">
<test id="s1-t1" name="Using Variables" line="5">
<kw name="Log To Console" library="BuiltIn">
<arg>My name is Paul. My favorite color is teal. My favorite NFL team is the Jaguars.</arg>
<doc>Logs the given message to the console.</doc>
<status status="PASS" starttime="20231013 19:08:47.756" endtime="20231013 19:08:47.756"/>
</kw>
<kw name="Set Variable" library="BuiltIn">
<var>${name}</var>
<arg>Paul</arg>
<doc>Returns the given values which can then be assigned to a variables.</doc>
<msg timestamp="20231013 19:08:47.756" level="INFO">${name} = Paul</msg>
<status status="PASS" starttime="20231013 19:08:47.756" endtime="20231013 19:08:47.756"/>
</kw>
<kw name="Set Variable" library="BuiltIn">
<var>${color}</var>
<arg>teal</arg>
<doc>Returns the given values which can then be assigned to a variables.</doc>
<msg timestamp="20231013 19:08:47.756" level="INFO">${color} = teal</msg>
<status status="PASS" starttime="20231013 19:08:47.756" endtime="20231013 19:08:47.756"/>
</kw>
<kw name="Set Variable" library="BuiltIn">
<var>${team}</var>
<arg>Jaguars</arg>
<doc>Returns the given values which can then be assigned to a variables.</doc>
<msg timestamp="20231013 19:08:47.772" level="INFO">${team} = Jaguars</msg>
<status status="PASS" starttime="20231013 19:08:47.772" endtime="20231013 19:08:47.772"/>
</kw>
<kw name="Log To Console" library="BuiltIn">
<arg>My name is ${name}. My favorite color is ${color}. My favorite NFL team is the ${team}.</arg>
<doc>Logs the given message to the console.</doc>
<status status="PASS" starttime="20231013 19:08:47.772" endtime="20231013 19:08:47.772"/>
</kw>
<kw name="Set Variable" library="BuiltIn">
<var>${name}</var>
<arg>Lisa</arg>
<doc>Returns the given values which can then be assigned to a variables.</doc>
<msg timestamp="20231013 19:08:47.772" level="INFO">${name} = Lisa</msg>
<status status="PASS" starttime="20231013 19:08:47.772" endtime="20231013 19:08:47.772"/>
</kw>
<kw name="Set Variable" library="BuiltIn">
<var>${color}</var>
<arg>Orange</arg>
<doc>Returns the given values which can then be assigned to a variables.</doc>
<msg timestamp="20231013 19:08:47.772" level="INFO">${color} = Orange</msg>
<status status="PASS" starttime="20231013 19:08:47.772" endtime="20231013 19:08:47.772"/>
</kw>
<kw name="Set Variable" library="BuiltIn">
<var>${team}</var>
<arg>Bengals</arg>
<doc>Returns the given values which can then be assigned to a variables.</doc>
<msg timestamp="20231013 19:08:47.772" level="INFO">${team} = Bengals</msg>
<status status="PASS" starttime="20231013 19:08:47.772" endtime="20231013 19:08:47.772"/>
</kw>
<kw name="Log To Console" library="BuiltIn">
<arg>My name is ${name}. My favorite color is ${color}. My favorite NFL team is the ${team}.</arg>
<doc>Logs the given message to the console.</doc>
<status status="PASS" starttime="20231013 19:08:47.772" endtime="20231013 19:08:47.772"/>
</kw>
<kw name="Set Variable" library="BuiltIn">
<var>${name}</var>
<arg>Fred</arg>
<doc>Returns the given values which can then be assigned to a variables.</doc>
<msg timestamp="20231013 19:08:47.772" level="INFO">${name} = Fred</msg>
<status status="PASS" starttime="20231013 19:08:47.772" endtime="20231013 19:08:47.772"/>
</kw>
<kw name="Set Variable" library="BuiltIn">
<var>${color}</var>
<arg>Green</arg>
<doc>Returns the given values which can then be assigned to a variables.</doc>
<msg timestamp="20231013 19:08:47.772" level="INFO">${color} = Green</msg>
<status status="PASS" starttime="20231013 19:08:47.772" endtime="20231013 19:08:47.772"/>
</kw>
<kw name="Set Variable" library="BuiltIn">
<var>${team}</var>
<arg>Dolphins</arg>
<doc>Returns the given values which can then be assigned to a variables.</doc>
<msg timestamp="20231013 19:08:47.772" level="INFO">${team} = Dolphins</msg>
<status status="PASS" starttime="20231013 19:08:47.772" endtime="20231013 19:08:47.772"/>
</kw>
<kw name="Log To Console" library="BuiltIn">
<arg>My name is ${name}. My favorite color is ${color}. My favorite NFL team is the ${team}.</arg>
<doc>Logs the given message to the console.</doc>
<status status="PASS" starttime="20231013 19:08:47.772" endtime="20231013 19:08:47.772"/>
</kw>
<status status="PASS" starttime="20231013 19:08:47.756" endtime="20231013 19:08:47.772"/>
</test>
<status status="PASS" starttime="20231013 19:08:47.741" endtime="20231013 19:08:47.772"/>
</suite>
<statistics>
<total>
<stat pass="1" fail="0" skip="0">All Tests</stat>
</total>
<tag>
</tag>
<suite>
<stat pass="1" fail="0" skip="0" id="s1" name="inlineExample">inlineExample</stat>
</suite>
</statistics>
<errors>
</errors>
</robot>
