<?xml version="1.0" encoding="UTF-8"?>
<robot generator="Robot 6.1.1 (Python 3.9.2 on win32)" generated="20231010 18:55:50.165" rpa="false" schemaversion="4">
<suite id="s1" name="Example-Settings" source="C:\Users\nguye\robot-framework-testautomationu-2022\004-Keywords\example-settings.robot">
<test id="s1-t1" name="Create an Invoice" line="5">
<kw name="Comment" library="BuiltIn">
<arg>This is my first RobotFramework test case!</arg>
<doc>Displays the given messages in the log file as keyword arguments.</doc>
<status status="PASS" starttime="20231010 18:55:50.392" endtime="20231010 18:55:50.392"/>
</kw>
<kw name="Open Browser" library="SeleniumLibrary">
<arg>http://inv.beaufortfairmont.com/</arg>
<arg>chrome</arg>
<doc>Opens a new browser instance to the optional ``url``.</doc>
<msg timestamp="20231010 18:55:50.394" level="INFO">Opening browser 'chrome' to base url 'http://inv.beaufortfairmont.com/'.</msg>
<status status="PASS" starttime="20231010 18:55:50.393" endtime="20231010 18:55:53.545"/>
</kw>
<status status="PASS" starttime="20231010 18:55:50.391" endtime="20231010 18:55:53.545"/>
</test>
<status status="PASS" starttime="20231010 18:55:50.168" endtime="20231010 18:55:53.547"/>
</suite>
<statistics>
<total>
<stat pass="1" fail="0" skip="0">All Tests</stat>
</total>
<tag>
</tag>
<suite>
<stat pass="1" fail="0" skip="0" id="s1" name="Example-Settings">Example-Settings</stat>
</suite>
</statistics>
<errors>
</errors>
</robot>
